<?xml version="1.0" encoding="UTF-8"?>
<testsuite xmlns:xsi="http://www.w3.org/2001/XMLSchema-instance" xsi:noNamespaceSchemaLocation="https://maven.apache.org/surefire/maven-surefire-plugin/xsd/surefire-test-report-3.0.xsd" version="3.0" name="com.baeldung.ls.SpringCloudStreamConsumerTests" time="12.909" tests="1" errors="0" skipped="0" failures="0">
  <properties>
[...]
</properties>
  <testcase name="contextLoads" classname="com.baeldung.ls.SpringCloudStreamConsumerTests" time="2.848">
    <system-out><![CDATA[Standard Commons Logging discovery in action with spring-jcl: please remove commons-logging.jar from classpath in order to avoid potential conflicts
17:19:31.872 [main] INFO org.springframework.test.context.support.AnnotationConfigContextLoaderUtils -- Could not detect default configuration classes for test class [com.baeldung.ls.SpringCloudStreamConsumerTests]: SpringCloudStreamConsumerTests does not declare any static, non-private, non-final, nested classes annotated with @Configuration.
17:19:32.097 [main] INFO org.springframework.boot.test.context.SpringBootTestContextBootstrapper -- Found @SpringBootConfiguration com.baeldung.ls.EventConsumer for test class com.baeldung.ls.SpringCloudStreamConsumerTests

  .   ____          _            __ _ _
 /\\ / ___'_ __ _ _(_)_ __  __ _ \ \ \ \
( ( )\___ | '_ | '_| | '_ \/ _` | \ \ \ \
 \\/  ___)| |_)| | | | | || (_| |  ) ) ) )
  '  |____| .__|_| |_|_| |_\__, | / / / /
 =========|_|==============|___/=/_/_/_/

 :: Spring Boot ::                (v3.3.4)

2024-10-09T17:19:33.138+02:00  INFO 31284 --- [           main] c.b.ls.SpringCloudStreamConsumerTests    : Starting SpringCloudStreamConsumerTests using Java 21.0.2 with PID 31284 (started by giuli in C:\Users\giuli\Desktop\async-rabbitmq\event-consumer)
2024-10-09T17:19:33.144+02:00  INFO 31284 --- [           main] c.b.ls.SpringCloudStreamConsumerTests    : No active profile set, falling back to 1 default profile: "default"
2024-10-09T17:19:35.799+02:00  INFO 31284 --- [           main] faultConfiguringBeanFactoryPostProcessor : No bean named 'errorChannel' has been explicitly defined. Therefore, a default PublishSubscribeChannel will be created.
2024-10-09T17:19:35.827+02:00  INFO 31284 --- [           main] faultConfiguringBeanFactoryPostProcessor : No bean named 'integrationHeaderChannelRegistry' has been explicitly defined. Therefore, a default DefaultHeaderChannelRegistry will be created.
2024-10-09T17:19:40.106+02:00  WARN 31284 --- [           main] onConfiguration$FunctionBindingRegistrar : You have defined function definition that does not exist: messageProcessor
2024-10-09T17:19:40.135+02:00  WARN 31284 --- [           main] onConfiguration$FunctionBindingRegistrar : The function definition 'messageProcessor' is not valid. The referenced function bean or one of its components does not exist
2024-10-09T17:19:40.825+02:00  INFO 31284 --- [           main] o.s.i.endpoint.EventDrivenConsumer       : Adding {logging-channel-adapter:_org.springframework.integration.errorLogger} as a subscriber to the 'errorChannel' channel
2024-10-09T17:19:40.826+02:00  INFO 31284 --- [           main] o.s.i.channel.PublishSubscribeChannel    : Channel 'application.errorChannel' has 1 subscriber(s).
2024-10-09T17:19:40.828+02:00  INFO 31284 --- [           main] o.s.i.endpoint.EventDrivenConsumer       : started bean '_org.springframework.integration.errorLogger'
2024-10-09T17:19:40.961+02:00  INFO 31284 --- [           main] o.s.a.r.c.CachingConnectionFactory       : Attempting to connect to: [127.0.0.1:5672]
2024-10-09T17:19:41.242+02:00  INFO 31284 --- [           main] o.s.a.r.c.CachingConnectionFactory       : Created new connection: rabbitConnectionFactory#29896529:0/SimpleConnection@2dc21583 [delegate=amqp://guest@127.0.0.1:5672/, localPort=56427]
2024-10-09T17:19:41.268+02:00  INFO 31284 --- [           main] o.s.amqp.rabbit.core.RabbitAdmin         : Auto-declaring a non-durable, auto-delete, or exclusive Queue (eventQueue) durable:false, auto-delete:false, exclusive:false. It will be redeclared if the broker stops and is restarted while the connection factory is alive, but all messages will be lost.
2024-10-09T17:19:41.471+02:00  INFO 31284 --- [           main] c.b.ls.SpringCloudStreamConsumerTests    : Started SpringCloudStreamConsumerTests in 9.045 seconds (process running for 11.507)
Received message: a152cfbe-e7b3-4634-85ba-7ee8b5be1c44
Received message: a152cfbe-e7b3-4634-85ba-7ee8b5be1c44
Received message: a152cfbe-e7b3-4634-85ba-7ee8b5be1c44
Received message: a152cfbe-e7b3-4634-85ba-7ee8b5be1c44
Received message: a152cfbe-e7b3-4634-85ba-7ee8b5be1c44
Received message: 8fe8912a-4106-43cf-88bd-f4e34f554eaf
Received message: 8fe8912a-4106-43cf-88bd-f4e34f554eaf
Received message: 8fe8912a-4106-43cf-88bd-f4e34f554eaf
Received message: 8fe8912a-4106-43cf-88bd-f4e34f554eaf
Received message: 8fe8912a-4106-43cf-88bd-f4e34f554eaf
Received message: 75099871-a011-473f-8a6a-acbfa077b244
Received message: 75099871-a011-473f-8a6a-acbfa077b244
Received message: 75099871-a011-473f-8a6a-acbfa077b244
Received message: 75099871-a011-473f-8a6a-acbfa077b244
Received message: 75099871-a011-473f-8a6a-acbfa077b244
Received message: bbdc1689-d98f-474c-9d72-1cad60eaa1f5
Received message: bbdc1689-d98f-474c-9d72-1cad60eaa1f5
Received message: bbdc1689-d98f-474c-9d72-1cad60eaa1f5
Received message: bbdc1689-d98f-474c-9d72-1cad60eaa1f5
Received message: bbdc1689-d98f-474c-9d72-1cad60eaa1f5
Received message: 6886c7ce-df7b-43be-94ce-8afe54d08b9e
Received message: 6886c7ce-df7b-43be-94ce-8afe54d08b9e
Received message: 6886c7ce-df7b-43be-94ce-8afe54d08b9e
Received message: 6886c7ce-df7b-43be-94ce-8afe54d08b9e
Received message: 6886c7ce-df7b-43be-94ce-8afe54d08b9e
]]></system-out>
    <system-err><![CDATA[WARNING: A Java agent has been loaded dynamically (C:\Users\giuli\.m2\repository\net\bytebuddy\byte-buddy-agent\1.14.19\byte-buddy-agent-1.14.19.jar)
WARNING: If a serviceability tool is in use, please run with -XX:+EnableDynamicAgentLoading to hide this warning
WARNING: If a serviceability tool is not in use, please run with -Djdk.instrument.traceUsage for more information
WARNING: Dynamic loading of agents will be disallowed by default in a future release
]]></system-err>
  </testcase>
</testsuite>